<?xml version="1.0" encoding="UTF-8"?>
<!-- Generated by org.testng.reporters.JUnitXMLReporter -->
<testsuite ignored="0" hostname="LAPTOP-6628VBM4" failures="0" tests="8" name="Surefire test" time="153.147" errors="0" timestamp="2025-01-19T16:28:04 CET">
  <testcase classname="com.crm.qa.testcases.ContactsPageTest" name="ValidatecreateContact" time="7.51"/>
  <testcase classname="com.crm.qa.testcases.ContactsPageTest" name="ValidatecreateContact" time="8.837"/>
  <testcase classname="com.crm.qa.testcases.HomePageTest" name="verifyHomePageTitle" time="0.02"/>
  <testcase classname="com.crm.qa.testcases.HomePageTest" name="verifyUserNameIsdDisplayed" time="0.151"/>
  <testcase classname="com.crm.qa.testcases.HomePageTest" name="verifyContactsLink" time="2.299"/>
  <testcase classname="com.crm.qa.testcases.LoginPageTest" name="LoginPageTitleTest" time="6.488"/>
  <testcase classname="com.crm.qa.testcases.LoginPageTest" name="LoginPageLogotest" time="0.071"/>
  <testcase classname="com.crm.qa.testcases.LoginPageTest" name="Login" time="16.79"/>
</testsuite> <!-- Surefire test -->
