<?xml version="1.0" encoding="UTF-8"?>
<!-- Generated by org.testng.reporters.JUnitXMLReporter -->
<testsuite ignored="0" hostname="LAPTOP-6628VBM4" failures="0" tests="3" name="Default test" time="61.562" errors="0" timestamp="2025-01-19T16:03:58 CET">
  <testcase classname="com.crm.qa.testcases.HomePageTest" name="verifyHomePageTitle" time="0.049"/>
  <testcase classname="com.crm.qa.testcases.HomePageTest" name="verifyUserNameIsdDisplayed" time="0.212"/>
  <testcase classname="com.crm.qa.testcases.HomePageTest" name="verifyContactsLink" time="2.457"/>
</testsuite> <!-- Default test -->
