<?xml version="1.0" encoding="UTF-8"?>
<testsuite xmlns:xsi="http://www.w3.org/2001/XMLSchema-instance" xsi:noNamespaceSchemaLocation="https://maven.apache.org/surefire/maven-surefire-plugin/xsd/surefire-test-report-3.0.xsd" version="3.0" name="TestSuite" time="141.37" tests="10" errors="0" skipped="2" failures="1">
  <properties>
[...]
</properties>
  <testcase name="ValidatecreateContact[Mr., Tom, Peter, Google](1)" classname="com.crm.qa.testcases.ContactsPageTest" time="7.481">
    <system-out><![CDATA[Browser selected: chrome
Before finding element: By.name: username
Found element: By.name: username
Before finding element: By.name: password
Found element: By.name: password
Before finding element: By.xpath: //input[@type='submit']
Found element: By.xpath: //input[@type='submit']
Before clicking on: [[ChromeDriver: chrome on windows (bf4d3116a075010a73c12a6cdcc4e7f9)] -> xpath: //input[@type='submit']]
Clicked on: [[ChromeDriver: chrome on windows (bf4d3116a075010a73c12a6cdcc4e7f9)] -> xpath: //input[@type='submit']]
Before finding element: By.xpath: //a[contains(text(),'Contacts')]
Found element: By.xpath: //a[contains(text(),'Contacts')]
Before finding element: By.xpath: //a[contains(text(),'New Contact')]
Found element: By.xpath: //a[contains(text(),'New Contact')]
Before clicking on: [[ChromeDriver: chrome on windows (bf4d3116a075010a73c12a6cdcc4e7f9)] -> xpath: //a[contains(text(),'New Contact')]]
Clicked on: [[ChromeDriver: chrome on windows (bf4d3116a075010a73c12a6cdcc4e7f9)] -> xpath: //a[contains(text(),'New Contact')]]
Before finding element: By.name: title
Found element: By.name: title
Before clicking on: [[[[ChromeDriver: chrome on windows (bf4d3116a075010a73c12a6cdcc4e7f9)] -> name: title]] -> xpath: .//option[normalize-space(.) = "Mr."]]
Clicked on: [[[[ChromeDriver: chrome on windows (bf4d3116a075010a73c12a6cdcc4e7f9)] -> name: title]] -> xpath: .//option[normalize-space(.) = "Mr."]]
Before finding element: By.id: first_name
Found element: By.id: first_name
Before finding element: By.id: surname
Found element: By.id: surname
Before finding element: By.name: client_lookup
Found element: By.name: client_lookup
]]></system-out>
    <system-err><![CDATA[SLF4J(I): Connected with provider of type [ch.qos.logback.classic.spi.LogbackServiceProvider]
Jan 21, 2025 1:43:58 PM org.openqa.selenium.devtools.CdpVersionFinder findNearestMatch
WARNING: Unable to find an exact match for CDP version 131, returning the closest version; found: 129; Please update to a Selenium version that supports CDP version 131
]]></system-err>
  </testcase>
  <testcase name="setUp" classname="com.crm.qa.testcases.ContactsPageTest" time="21.827">
    <failure message="element click intercepted: Element &lt;input type=&quot;submit&quot; value=&quot;Login&quot; class=&quot;btn btn-small&quot;&gt; is not clickable at point (1269, 122). Other element would receive the click: &lt;div id=&quot;preloader&quot; style=&quot;opacity: 1;&quot;&gt;...&lt;/div&gt;&#10;  (Session info: chrome=131.0.6778.266)&#10;Build info: version: &apos;4.25.0&apos;, revision: &apos;8a8aea2337&apos;&#10;System info: os.name: &apos;Windows 11&apos;, os.arch: &apos;amd64&apos;, os.version: &apos;10.0&apos;, java.version: &apos;23&apos;&#10;Driver info: org.openqa.selenium.chrome.ChromeDriver&#10;Command: [90be70f8a9fd9acf9e4086bfb773d2fa, clickElement {id=f.97ABDC1D6BE69FAC6C20786C54EA7B3F.d.E753D6DE4FF1CC7045DF7C93B1E4B660.e.4}]&#10;Capabilities {acceptInsecureCerts: false, browserName: chrome, browserVersion: 131.0.6778.266, chrome: {chromedriverVersion: 131.0.6778.264 (2d05e315153..., userDataDir: C:\Users\STARTK~1\AppData\L...}, fedcm:accounts: true, goog:chromeOptions: {debuggerAddress: localhost:63534}, networkConnectionEnabled: false, pageLoadStrategy: normal, platformName: windows, proxy: Proxy(), se:cdp: ws://localhost:63534/devtoo..., se:cdpVersion: 131.0.6778.266, setWindowRect: true, strictFileInteractability: false, timeouts: {implicit: 0, pageLoad: 300000, script: 30000}, unhandledPromptBehavior: dismiss and notify, webauthn:extension:credBlob: true, webauthn:extension:largeBlob: true, webauthn:extension:minPinLength: true, webauthn:extension:prf: true, webauthn:virtualAuthenticators: true}&#10;Element: [[ChromeDriver: chrome on windows (90be70f8a9fd9acf9e4086bfb773d2fa)] -&gt; xpath: //input[@type=&apos;submit&apos;]]&#10;Session ID: 90be70f8a9fd9acf9e4086bfb773d2fa" type="org.openqa.selenium.ElementClickInterceptedException"><![CDATA[org.openqa.selenium.ElementClickInterceptedException: 
element click intercepted: Element <input type="submit" value="Login" class="btn btn-small"> is not clickable at point (1269, 122). Other element would receive the click: <div id="preloader" style="opacity: 1;">...</div>
  (Session info: chrome=131.0.6778.266)
Build info: version: '4.25.0', revision: '8a8aea2337'
System info: os.name: 'Windows 11', os.arch: 'amd64', os.version: '10.0', java.version: '23'
Driver info: org.openqa.selenium.chrome.ChromeDriver
Command: [90be70f8a9fd9acf9e4086bfb773d2fa, clickElement {id=f.97ABDC1D6BE69FAC6C20786C54EA7B3F.d.E753D6DE4FF1CC7045DF7C93B1E4B660.e.4}]
Capabilities {acceptInsecureCerts: false, browserName: chrome, browserVersion: 131.0.6778.266, chrome: {chromedriverVersion: 131.0.6778.264 (2d05e315153..., userDataDir: C:\Users\STARTK~1\AppData\L...}, fedcm:accounts: true, goog:chromeOptions: {debuggerAddress: localhost:63534}, networkConnectionEnabled: false, pageLoadStrategy: normal, platformName: windows, proxy: Proxy(), se:cdp: ws://localhost:63534/devtoo..., se:cdpVersion: 131.0.6778.266, setWindowRect: true, strictFileInteractability: false, timeouts: {implicit: 0, pageLoad: 300000, script: 30000}, unhandledPromptBehavior: dismiss and notify, webauthn:extension:credBlob: true, webauthn:extension:largeBlob: true, webauthn:extension:minPinLength: true, webauthn:extension:prf: true, webauthn:virtualAuthenticators: true}
Element: [[ChromeDriver: chrome on windows (90be70f8a9fd9acf9e4086bfb773d2fa)] -> xpath: //input[@type='submit']]
Session ID: 90be70f8a9fd9acf9e4086bfb773d2fa
	at java.base/jdk.internal.reflect.DirectConstructorHandleAccessor.newInstance(DirectConstructorHandleAccessor.java:62)
	at java.base/java.lang.reflect.Constructor.newInstanceWithCaller(Constructor.java:501)
	at java.base/java.lang.reflect.Constructor.newInstance(Constructor.java:485)
	at org.openqa.selenium.remote.ErrorCodec.decode(ErrorCodec.java:167)
	at org.openqa.selenium.remote.codec.w3c.W3CHttpResponseCodec.decode(W3CHttpResponseCodec.java:138)
	at org.openqa.selenium.remote.codec.w3c.W3CHttpResponseCodec.decode(W3CHttpResponseCodec.java:50)
	at org.openqa.selenium.remote.HttpCommandExecutor.execute(HttpCommandExecutor.java:190)
	at org.openqa.selenium.remote.service.DriverCommandExecutor.invokeExecute(DriverCommandExecutor.java:216)
	at org.openqa.selenium.remote.service.DriverCommandExecutor.execute(DriverCommandExecutor.java:174)
	at org.openqa.selenium.remote.RemoteWebDriver.execute(RemoteWebDriver.java:545)
	at org.openqa.selenium.remote.RemoteWebElement.execute(RemoteWebElement.java:223)
	at org.openqa.selenium.remote.RemoteWebElement.click(RemoteWebElement.java:76)
	at java.base/jdk.internal.reflect.DirectMethodHandleAccessor.invoke(DirectMethodHandleAccessor.java:103)
	at java.base/java.lang.reflect.Method.invoke(Method.java:580)
	at org.openqa.selenium.support.decorators.WebDriverDecorator.call(WebDriverDecorator.java:249)
	at org.openqa.selenium.support.decorators.DefaultDecorated.call(DefaultDecorated.java:48)
	at org.openqa.selenium.support.decorators.WebDriverDecorator.lambda$createProxy$2(WebDriverDecorator.java:321)
	at net.bytebuddy.renamed.java.lang.Object$ByteBuddy$hmHgP7ct.click(Unknown Source)
	at java.base/jdk.internal.reflect.DirectMethodHandleAccessor.invoke(DirectMethodHandleAccessor.java:103)
	at java.base/java.lang.reflect.Method.invoke(Method.java:580)
	at org.openqa.selenium.support.pagefactory.internal.LocatingElementHandler.invoke(LocatingElementHandler.java:51)
	at jdk.proxy2/jdk.proxy2.$Proxy37.click(Unknown Source)
	at com.crm.qa.pages.LoginPage.validateLogin(LoginPage.java:62)
	at com.crm.qa.testcases.ContactsPageTest.setUp(ContactsPageTest.java:36)
	at java.base/jdk.internal.reflect.DirectMethodHandleAccessor.invoke(DirectMethodHandleAccessor.java:103)
	at java.base/java.lang.reflect.Method.invoke(Method.java:580)
	at org.testng.internal.invokers.MethodInvocationHelper.invokeMethod(MethodInvocationHelper.java:141)
	at org.testng.internal.invokers.MethodInvocationHelper.invokeMethodConsideringTimeout(MethodInvocationHelper.java:71)
	at org.testng.internal.invokers.ConfigInvoker.invokeConfigurationMethod(ConfigInvoker.java:400)
	at org.testng.internal.invokers.ConfigInvoker.invokeConfigurations(ConfigInvoker.java:333)
	at org.testng.internal.invokers.TestInvoker.runConfigMethods(TestInvoker.java:833)
	at org.testng.internal.invokers.TestInvoker.invokeMethod(TestInvoker.java:600)
	at org.testng.internal.invokers.TestInvoker.invokeTestMethod(TestInvoker.java:230)
	at org.testng.internal.invokers.MethodRunner.runInSequence(MethodRunner.java:63)
	at org.testng.internal.invokers.TestInvoker$MethodInvocationAgent.invoke(TestInvoker.java:992)
	at org.testng.internal.invokers.TestInvoker.invokeTestMethods(TestInvoker.java:203)
	at org.testng.internal.invokers.TestMethodWorker.invokeTestMethods(TestMethodWorker.java:154)
	at org.testng.internal.invokers.TestMethodWorker.run(TestMethodWorker.java:134)
	at java.base/java.util.ArrayList.forEach(ArrayList.java:1597)
	at org.testng.TestRunner.privateRun(TestRunner.java:739)
	at org.testng.TestRunner.run(TestRunner.java:614)
	at org.testng.SuiteRunner.runTest(SuiteRunner.java:421)
	at org.testng.SuiteRunner.runSequentially(SuiteRunner.java:413)
	at org.testng.SuiteRunner.privateRun(SuiteRunner.java:373)
	at org.testng.SuiteRunner.run(SuiteRunner.java:312)
	at org.testng.SuiteRunnerWorker.runSuite(SuiteRunnerWorker.java:52)
	at org.testng.SuiteRunnerWorker.run(SuiteRunnerWorker.java:95)
	at org.testng.TestNG.runSuitesSequentially(TestNG.java:1274)
	at org.testng.TestNG.runSuitesLocally(TestNG.java:1208)
	at org.testng.TestNG.runSuites(TestNG.java:1112)
	at org.testng.TestNG.run(TestNG.java:1079)
	at org.apache.maven.surefire.testng.TestNGExecutor.run(TestNGExecutor.java:155)
	at org.apache.maven.surefire.testng.TestNGDirectoryTestSuite.executeMulti(TestNGDirectoryTestSuite.java:169)
	at org.apache.maven.surefire.testng.TestNGDirectoryTestSuite.execute(TestNGDirectoryTestSuite.java:88)
	at org.apache.maven.surefire.testng.TestNGProvider.invoke(TestNGProvider.java:137)
	at org.apache.maven.surefire.booter.ForkedBooter.runSuitesInProcess(ForkedBooter.java:385)
	at org.apache.maven.surefire.booter.ForkedBooter.execute(ForkedBooter.java:162)
	at org.apache.maven.surefire.booter.ForkedBooter.run(ForkedBooter.java:507)
	at org.apache.maven.surefire.booter.ForkedBooter.main(ForkedBooter.java:495)
]]></failure>
    <system-out><![CDATA[Browser selected: chrome
Before finding element: By.name: username
Found element: By.name: username
Before finding element: By.name: password
Found element: By.name: password
Before finding element: By.xpath: //input[@type='submit']
Found element: By.xpath: //input[@type='submit']
Before clicking on: [[ChromeDriver: chrome on windows (90be70f8a9fd9acf9e4086bfb773d2fa)] -> xpath: //input[@type='submit']]
]]></system-out>
    <system-err><![CDATA[Jan 21, 2025 1:44:25 PM org.openqa.selenium.devtools.CdpVersionFinder findNearestMatch
WARNING: Unable to find an exact match for CDP version 131, returning the closest version; found: 129; Please update to a Selenium version that supports CDP version 131
]]></system-err>
  </testcase>
  <testcase name="ValidatecreateContact[Mrs., Prabheen, kaur, Facebook](2)" classname="com.crm.qa.testcases.ContactsPageTest" time="0.0">
    <skipped message="element click intercepted: Element &lt;input type=&quot;submit&quot; value=&quot;Login&quot; class=&quot;btn btn-small&quot;&gt; is not clickable at point (1269, 122). Other element would receive the click: &lt;div id=&quot;preloader&quot; style=&quot;opacity: 1;&quot;&gt;...&lt;/div&gt;&#10;  (Session info: chrome=131.0.6778.266)&#10;Build info: version: &apos;4.25.0&apos;, revision: &apos;8a8aea2337&apos;&#10;System info: os.name: &apos;Windows 11&apos;, os.arch: &apos;amd64&apos;, os.version: &apos;10.0&apos;, java.version: &apos;23&apos;&#10;Driver info: org.openqa.selenium.chrome.ChromeDriver&#10;Command: [90be70f8a9fd9acf9e4086bfb773d2fa, clickElement {id=f.97ABDC1D6BE69FAC6C20786C54EA7B3F.d.E753D6DE4FF1CC7045DF7C93B1E4B660.e.4}]&#10;Capabilities {acceptInsecureCerts: false, browserName: chrome, browserVersion: 131.0.6778.266, chrome: {chromedriverVersion: 131.0.6778.264 (2d05e315153..., userDataDir: C:\Users\STARTK~1\AppData\L...}, fedcm:accounts: true, goog:chromeOptions: {debuggerAddress: localhost:63534}, networkConnectionEnabled: false, pageLoadStrategy: normal, platformName: windows, proxy: Proxy(), se:cdp: ws://localhost:63534/devtoo..., se:cdpVersion: 131.0.6778.266, setWindowRect: true, strictFileInteractability: false, timeouts: {implicit: 0, pageLoad: 300000, script: 30000}, unhandledPromptBehavior: dismiss and notify, webauthn:extension:credBlob: true, webauthn:extension:largeBlob: true, webauthn:extension:minPinLength: true, webauthn:extension:prf: true, webauthn:virtualAuthenticators: true}&#10;Element: [[ChromeDriver: chrome on windows (90be70f8a9fd9acf9e4086bfb773d2fa)] -&gt; xpath: //input[@type=&apos;submit&apos;]]&#10;Session ID: 90be70f8a9fd9acf9e4086bfb773d2fa"/>
  </testcase>
  <testcase name="teardown" classname="com.crm.qa.testcases.ContactsPageTest" time="0.0">
    <skipped/>
  </testcase>
  <testcase name="verifyHomePageTitle" classname="com.crm.qa.testcases.HomePageTest" time="0.027">
    <system-out><![CDATA[Browser selected: chrome
Before finding element: By.name: username
Found element: By.name: username
Before finding element: By.name: password
Found element: By.name: password
Before finding element: By.xpath: //input[@type='submit']
Found element: By.xpath: //input[@type='submit']
Before clicking on: [[ChromeDriver: chrome on windows (9f84582ae5c718822dae55f1c3690b69)] -> xpath: //input[@type='submit']]
Clicked on: [[ChromeDriver: chrome on windows (9f84582ae5c718822dae55f1c3690b69)] -> xpath: //input[@type='submit']]
]]></system-out>
    <system-err><![CDATA[Jan 21, 2025 1:44:39 PM org.openqa.selenium.devtools.CdpVersionFinder findNearestMatch
WARNING: Unable to find an exact match for CDP version 131, returning the closest version; found: 129; Please update to a Selenium version that supports CDP version 131
]]></system-err>
  </testcase>
  <testcase name="verifyUserNameIsdDisplayed" classname="com.crm.qa.testcases.HomePageTest" time="0.151">
    <system-out><![CDATA[Browser selected: chrome
Before finding element: By.name: username
Found element: By.name: username
Before finding element: By.name: password
Found element: By.name: password
Before finding element: By.xpath: //input[@type='submit']
Found element: By.xpath: //input[@type='submit']
Before clicking on: [[ChromeDriver: chrome on windows (d5a3006a1235cc5e8ed0d7f34ad93a7e)] -> xpath: //input[@type='submit']]
Clicked on: [[ChromeDriver: chrome on windows (d5a3006a1235cc5e8ed0d7f34ad93a7e)] -> xpath: //input[@type='submit']]
Before finding element: By.xpath: //td[contains(text(),'User: Gagan Khanna')]
Found element: By.xpath: //td[contains(text(),'User: Gagan Khanna')]
]]></system-out>
    <system-err><![CDATA[Jan 21, 2025 1:44:58 PM org.openqa.selenium.devtools.CdpVersionFinder findNearestMatch
WARNING: Unable to find an exact match for CDP version 131, returning the closest version; found: 129; Please update to a Selenium version that supports CDP version 131
]]></system-err>
  </testcase>
  <testcase name="verifyContactsLink" classname="com.crm.qa.testcases.HomePageTest" time="2.291">
    <system-out><![CDATA[Browser selected: chrome
Before finding element: By.name: username
Found element: By.name: username
Before finding element: By.name: password
Found element: By.name: password
Before finding element: By.xpath: //input[@type='submit']
Found element: By.xpath: //input[@type='submit']
Before clicking on: [[ChromeDriver: chrome on windows (642101cf64525fa1fcb8820e7cca1055)] -> xpath: //input[@type='submit']]
Clicked on: [[ChromeDriver: chrome on windows (642101cf64525fa1fcb8820e7cca1055)] -> xpath: //input[@type='submit']]
Before finding element: By.xpath: //a[contains(text(),'Contacts')]
Found element: By.xpath: //a[contains(text(),'Contacts')]
Before clicking on: [[ChromeDriver: chrome on windows (642101cf64525fa1fcb8820e7cca1055)] -> xpath: //a[contains(text(),'Contacts')]]
Clicked on: [[ChromeDriver: chrome on windows (642101cf64525fa1fcb8820e7cca1055)] -> xpath: //a[contains(text(),'Contacts')]]
]]></system-out>
    <system-err><![CDATA[Jan 21, 2025 1:45:18 PM org.openqa.selenium.devtools.CdpVersionFinder findNearestMatch
WARNING: Unable to find an exact match for CDP version 131, returning the closest version; found: 129; Please update to a Selenium version that supports CDP version 131
]]></system-err>
  </testcase>
  <testcase name="LoginPageTitleTest" classname="com.crm.qa.testcases.LoginPageTest" time="0.015">
    <system-out><![CDATA[Browser selected: chrome
]]></system-out>
    <system-err><![CDATA[Jan 21, 2025 1:45:40 PM org.openqa.selenium.devtools.CdpVersionFinder findNearestMatch
WARNING: Unable to find an exact match for CDP version 131, returning the closest version; found: 129; Please update to a Selenium version that supports CDP version 131
]]></system-err>
  </testcase>
  <testcase name="LoginPageLogotest" classname="com.crm.qa.testcases.LoginPageTest" time="0.061">
    <system-out><![CDATA[Browser selected: chrome
Before finding element: By.className: navbar-brand
Found element: By.className: navbar-brand
]]></system-out>
    <system-err><![CDATA[Jan 21, 2025 1:45:47 PM org.openqa.selenium.remote.http.WebSocket$Listener onError
WARNING: Connection reset
java.net.SocketException: Connection reset
	at java.base/sun.nio.ch.SocketChannelImpl.throwConnectionReset(SocketChannelImpl.java:403)
	at java.base/sun.nio.ch.SocketChannelImpl.implRead(SocketChannelImpl.java:435)
	at java.base/sun.nio.ch.SocketChannelImpl.read(SocketChannelImpl.java:493)
	at java.net.http/jdk.internal.net.http.SocketTube.readAvailable(SocketTube.java:1178)
	at java.net.http/jdk.internal.net.http.SocketTube$InternalReadPublisher$InternalReadSubscription.read(SocketTube.java:841)
	at java.net.http/jdk.internal.net.http.SocketTube$SocketFlowTask.run(SocketTube.java:181)
	at java.net.http/jdk.internal.net.http.common.SequentialScheduler$SchedulableTask.run(SequentialScheduler.java:207)
	at java.net.http/jdk.internal.net.http.common.SequentialScheduler.runOrSchedule(SequentialScheduler.java:280)
	at java.net.http/jdk.internal.net.http.common.SequentialScheduler.runOrSchedule(SequentialScheduler.java:233)
	at java.net.http/jdk.internal.net.http.SocketTube$InternalReadPublisher$InternalReadSubscription.signalReadable(SocketTube.java:782)
	at java.net.http/jdk.internal.net.http.SocketTube$InternalReadPublisher$ReadEvent.signalEvent(SocketTube.java:965)
	at java.net.http/jdk.internal.net.http.SocketTube$SocketFlowEvent.handle(SocketTube.java:253)
	at java.net.http/jdk.internal.net.http.HttpClientImpl$SelectorManager.handleEvent(HttpClientImpl.java:1476)
	at java.net.http/jdk.internal.net.http.HttpClientImpl$SelectorManager.lambda$run$3(HttpClientImpl.java:1421)
	at java.base/java.util.ArrayList.forEach(ArrayList.java:1597)
	at java.net.http/jdk.internal.net.http.HttpClientImpl$SelectorManager.run(HttpClientImpl.java:1421)

Jan 21, 2025 1:45:48 PM org.openqa.selenium.devtools.CdpVersionFinder findNearestMatch
WARNING: Unable to find an exact match for CDP version 131, returning the closest version; found: 129; Please update to a Selenium version that supports CDP version 131
]]></system-err>
  </testcase>
  <testcase name="Login" classname="com.crm.qa.testcases.LoginPageTest" time="16.744">
    <system-out><![CDATA[Browser selected: chrome
Before finding element: By.name: username
Found element: By.name: username
Before finding element: By.name: password
Found element: By.name: password
Before finding element: By.xpath: //input[@type='submit']
Found element: By.xpath: //input[@type='submit']
Before clicking on: [[ChromeDriver: chrome on windows (a9ce6eddb53b245d73c6f53bfeb45788)] -> xpath: //input[@type='submit']]
Clicked on: [[ChromeDriver: chrome on windows (a9ce6eddb53b245d73c6f53bfeb45788)] -> xpath: //input[@type='submit']]
]]></system-out>
    <system-err><![CDATA[Jan 21, 2025 1:45:57 PM org.openqa.selenium.devtools.CdpVersionFinder findNearestMatch
WARNING: Unable to find an exact match for CDP version 131, returning the closest version; found: 129; Please update to a Selenium version that supports CDP version 131
]]></system-err>
  </testcase>
</testsuite>