<?xml version="1.0" encoding="UTF-8"?>
<testsuite xmlns:xsi="http://www.w3.org/2001/XMLSchema-instance" xsi:noNamespaceSchemaLocation="https://maven.apache.org/surefire/maven-surefire-plugin/xsd/surefire-test-report-3.0.xsd" version="3.0" name="TestSuite" time="153.788" tests="8" errors="0" skipped="0" failures="0">
  <properties>
[...]
</properties>
  <testcase name="ValidatecreateContact[Mr., Tom, Peter, Google](1)" classname="com.crm.qa.testcases.ContactsPageTest" time="7.509">
    <system-out><![CDATA[Browser selected: chrome
Before finding element: By.name: username
Found element: By.name: username
Before finding element: By.name: password
Found element: By.name: password
Before finding element: By.xpath: //input[@type='submit']
Found element: By.xpath: //input[@type='submit']
Before clicking on: [[ChromeDriver: chrome on windows (610080728a7d56955792519faddb791f)] -> xpath: //input[@type='submit']]
Clicked on: [[ChromeDriver: chrome on windows (610080728a7d56955792519faddb791f)] -> xpath: //input[@type='submit']]
Before finding element: By.xpath: //a[contains(text(),'Contacts')]
Found element: By.xpath: //a[contains(text(),'Contacts')]
Before finding element: By.xpath: //a[contains(text(),'New Contact')]
Found element: By.xpath: //a[contains(text(),'New Contact')]
Before clicking on: [[ChromeDriver: chrome on windows (610080728a7d56955792519faddb791f)] -> xpath: //a[contains(text(),'New Contact')]]
Clicked on: [[ChromeDriver: chrome on windows (610080728a7d56955792519faddb791f)] -> xpath: //a[contains(text(),'New Contact')]]
Before finding element: By.name: title
Found element: By.name: title
Before clicking on: [[[[ChromeDriver: chrome on windows (610080728a7d56955792519faddb791f)] -> name: title]] -> xpath: .//option[normalize-space(.) = "Mr."]]
Clicked on: [[[[ChromeDriver: chrome on windows (610080728a7d56955792519faddb791f)] -> name: title]] -> xpath: .//option[normalize-space(.) = "Mr."]]
Before finding element: By.id: first_name
Found element: By.id: first_name
Before finding element: By.id: surname
Found element: By.id: surname
Before finding element: By.name: client_lookup
Found element: By.name: client_lookup
]]></system-out>
    <system-err><![CDATA[SLF4J: Failed to load class "org.slf4j.impl.StaticLoggerBinder".
SLF4J: Defaulting to no-operation (NOP) logger implementation
SLF4J: See http://www.slf4j.org/codes.html#StaticLoggerBinder for further details.
Jan 19, 2025 4:25:34 PM org.openqa.selenium.devtools.CdpVersionFinder findNearestMatch
WARNING: Unable to find an exact match for CDP version 131, returning the closest version; found: 129; Please update to a Selenium version that supports CDP version 131
]]></system-err>
  </testcase>
  <testcase name="ValidatecreateContact[Mrs., Prabheen, kaur, Facebook](2)" classname="com.crm.qa.testcases.ContactsPageTest" time="8.828">
    <system-out><![CDATA[Browser selected: chrome
Before finding element: By.name: username
Found element: By.name: username
Before finding element: By.name: password
Found element: By.name: password
Before finding element: By.xpath: //input[@type='submit']
Found element: By.xpath: //input[@type='submit']
Before clicking on: [[ChromeDriver: chrome on windows (604ddc72df0a3a587a838224863bfd9d)] -> xpath: //input[@type='submit']]
Clicked on: [[ChromeDriver: chrome on windows (604ddc72df0a3a587a838224863bfd9d)] -> xpath: //input[@type='submit']]
Before finding element: By.xpath: //a[contains(text(),'Contacts')]
Found element: By.xpath: //a[contains(text(),'Contacts')]
Before finding element: By.xpath: //a[contains(text(),'New Contact')]
Found element: By.xpath: //a[contains(text(),'New Contact')]
Before clicking on: [[ChromeDriver: chrome on windows (604ddc72df0a3a587a838224863bfd9d)] -> xpath: //a[contains(text(),'New Contact')]]
Clicked on: [[ChromeDriver: chrome on windows (604ddc72df0a3a587a838224863bfd9d)] -> xpath: //a[contains(text(),'New Contact')]]
Before finding element: By.name: title
Found element: By.name: title
Before clicking on: [[[[ChromeDriver: chrome on windows (604ddc72df0a3a587a838224863bfd9d)] -> name: title]] -> xpath: .//option[normalize-space(.) = "Mrs."]]
Clicked on: [[[[ChromeDriver: chrome on windows (604ddc72df0a3a587a838224863bfd9d)] -> name: title]] -> xpath: .//option[normalize-space(.) = "Mrs."]]
Before finding element: By.id: first_name
Found element: By.id: first_name
Before finding element: By.id: surname
Found element: By.id: surname
Before finding element: By.name: client_lookup
Found element: By.name: client_lookup
]]></system-out>
    <system-err><![CDATA[Jan 19, 2025 4:26:01 PM org.openqa.selenium.devtools.CdpVersionFinder findNearestMatch
WARNING: Unable to find an exact match for CDP version 131, returning the closest version; found: 129; Please update to a Selenium version that supports CDP version 131
]]></system-err>
  </testcase>
  <testcase name="verifyHomePageTitle" classname="com.crm.qa.testcases.HomePageTest" time="0.017">
    <system-out><![CDATA[Browser selected: chrome
Before finding element: By.name: username
Found element: By.name: username
Before finding element: By.name: password
Found element: By.name: password
Before finding element: By.xpath: //input[@type='submit']
Found element: By.xpath: //input[@type='submit']
Before clicking on: [[ChromeDriver: chrome on windows (a6f7195524e994d55c91873836d8c08f)] -> xpath: //input[@type='submit']]
Clicked on: [[ChromeDriver: chrome on windows (a6f7195524e994d55c91873836d8c08f)] -> xpath: //input[@type='submit']]
]]></system-out>
    <system-err><![CDATA[Jan 19, 2025 4:26:29 PM org.openqa.selenium.devtools.CdpVersionFinder findNearestMatch
WARNING: Unable to find an exact match for CDP version 131, returning the closest version; found: 129; Please update to a Selenium version that supports CDP version 131
]]></system-err>
  </testcase>
  <testcase name="verifyUserNameIsdDisplayed" classname="com.crm.qa.testcases.HomePageTest" time="0.153">
    <system-out><![CDATA[Browser selected: chrome
Before finding element: By.name: username
Found element: By.name: username
Before finding element: By.name: password
Found element: By.name: password
Before finding element: By.xpath: //input[@type='submit']
Found element: By.xpath: //input[@type='submit']
Before clicking on: [[ChromeDriver: chrome on windows (d9b03f59110600cd0ebefb2ccdefa29f)] -> xpath: //input[@type='submit']]
Clicked on: [[ChromeDriver: chrome on windows (d9b03f59110600cd0ebefb2ccdefa29f)] -> xpath: //input[@type='submit']]
Before finding element: By.xpath: //td[contains(text(),'User: Gagan Khanna')]
Found element: By.xpath: //td[contains(text(),'User: Gagan Khanna')]
]]></system-out>
    <system-err><![CDATA[Jan 19, 2025 4:26:48 PM org.openqa.selenium.devtools.CdpVersionFinder findNearestMatch
WARNING: Unable to find an exact match for CDP version 131, returning the closest version; found: 129; Please update to a Selenium version that supports CDP version 131
]]></system-err>
  </testcase>
  <testcase name="verifyContactsLink" classname="com.crm.qa.testcases.HomePageTest" time="2.295">
    <system-out><![CDATA[Browser selected: chrome
Before finding element: By.name: username
Found element: By.name: username
Before finding element: By.name: password
Found element: By.name: password
Before finding element: By.xpath: //input[@type='submit']
Found element: By.xpath: //input[@type='submit']
Before clicking on: [[ChromeDriver: chrome on windows (f4f077494cf0035dff7d397d90c50e27)] -> xpath: //input[@type='submit']]
Clicked on: [[ChromeDriver: chrome on windows (f4f077494cf0035dff7d397d90c50e27)] -> xpath: //input[@type='submit']]
Before finding element: By.xpath: //a[contains(text(),'Contacts')]
Found element: By.xpath: //a[contains(text(),'Contacts')]
Before clicking on: [[ChromeDriver: chrome on windows (f4f077494cf0035dff7d397d90c50e27)] -> xpath: //a[contains(text(),'Contacts')]]
Clicked on: [[ChromeDriver: chrome on windows (f4f077494cf0035dff7d397d90c50e27)] -> xpath: //a[contains(text(),'Contacts')]]
]]></system-out>
    <system-err><![CDATA[Jan 19, 2025 4:27:07 PM org.openqa.selenium.devtools.CdpVersionFinder findNearestMatch
WARNING: Unable to find an exact match for CDP version 131, returning the closest version; found: 129; Please update to a Selenium version that supports CDP version 131
]]></system-err>
  </testcase>
  <testcase name="LoginPageTitleTest" classname="com.crm.qa.testcases.LoginPageTest" time="6.484">
    <system-out><![CDATA[Browser selected: chrome
]]></system-out>
    <system-err><![CDATA[Jan 19, 2025 4:27:29 PM org.openqa.selenium.devtools.CdpVersionFinder findNearestMatch
WARNING: Unable to find an exact match for CDP version 131, returning the closest version; found: 129; Please update to a Selenium version that supports CDP version 131
]]></system-err>
  </testcase>
  <testcase name="LoginPageLogotest" classname="com.crm.qa.testcases.LoginPageTest" time="0.068">
    <system-out><![CDATA[Browser selected: chrome
Before finding element: By.className: navbar-brand
Found element: By.className: navbar-brand
]]></system-out>
    <system-err><![CDATA[Jan 19, 2025 4:27:37 PM org.openqa.selenium.remote.http.WebSocket$Listener onError
WARNING: Connection reset
java.net.SocketException: Connection reset
	at java.base/sun.nio.ch.SocketChannelImpl.throwConnectionReset(SocketChannelImpl.java:401)
	at java.base/sun.nio.ch.SocketChannelImpl.read(SocketChannelImpl.java:434)
	at java.net.http/jdk.internal.net.http.SocketTube.readAvailable(SocketTube.java:1178)
	at java.net.http/jdk.internal.net.http.SocketTube$InternalReadPublisher$InternalReadSubscription.read(SocketTube.java:841)
	at java.net.http/jdk.internal.net.http.SocketTube$SocketFlowTask.run(SocketTube.java:181)
	at java.net.http/jdk.internal.net.http.common.SequentialScheduler$SchedulableTask.run(SequentialScheduler.java:207)
	at java.net.http/jdk.internal.net.http.common.SequentialScheduler.runOrSchedule(SequentialScheduler.java:280)
	at java.net.http/jdk.internal.net.http.common.SequentialScheduler.runOrSchedule(SequentialScheduler.java:233)
	at java.net.http/jdk.internal.net.http.SocketTube$InternalReadPublisher$InternalReadSubscription.signalReadable(SocketTube.java:782)
	at java.net.http/jdk.internal.net.http.SocketTube$InternalReadPublisher$ReadEvent.signalEvent(SocketTube.java:965)
	at java.net.http/jdk.internal.net.http.SocketTube$SocketFlowEvent.handle(SocketTube.java:253)
	at java.net.http/jdk.internal.net.http.HttpClientImpl$SelectorManager.handleEvent(HttpClientImpl.java:1469)
	at java.net.http/jdk.internal.net.http.HttpClientImpl$SelectorManager.lambda$run$3(HttpClientImpl.java:1414)
	at java.base/java.util.ArrayList.forEach(ArrayList.java:1596)
	at java.net.http/jdk.internal.net.http.HttpClientImpl$SelectorManager.run(HttpClientImpl.java:1414)

Jan 19, 2025 4:27:37 PM org.openqa.selenium.devtools.CdpVersionFinder findNearestMatch
WARNING: Unable to find an exact match for CDP version 131, returning the closest version; found: 129; Please update to a Selenium version that supports CDP version 131
]]></system-err>
  </testcase>
  <testcase name="Login" classname="com.crm.qa.testcases.LoginPageTest" time="16.795">
    <system-out><![CDATA[Browser selected: chrome
Before finding element: By.name: username
Found element: By.name: username
Before finding element: By.name: password
Found element: By.name: password
Before finding element: By.xpath: //input[@type='submit']
Found element: By.xpath: //input[@type='submit']
Before clicking on: [[ChromeDriver: chrome on windows (3899a386b081a341e8754bf5f8020181)] -> xpath: //input[@type='submit']]
Clicked on: [[ChromeDriver: chrome on windows (3899a386b081a341e8754bf5f8020181)] -> xpath: //input[@type='submit']]
]]></system-out>
    <system-err><![CDATA[Jan 19, 2025 4:27:46 PM org.openqa.selenium.devtools.CdpVersionFinder findNearestMatch
WARNING: Unable to find an exact match for CDP version 131, returning the closest version; found: 129; Please update to a Selenium version that supports CDP version 131
]]></system-err>
  </testcase>
</testsuite>