<?xml version="1.0" encoding="UTF-8"?>
<testng-results ignored="0" total="8" passed="8" failed="0" skipped="0">
  <reporter-output>
  </reporter-output>
  <suite started-at="2025-01-19T16:25:31 CET" name="Surefire suite" finished-at="2025-01-19T16:28:04 CET" duration-ms="153147">
    <groups>
    </groups>
    <test started-at="2025-01-19T16:25:31 CET" name="Surefire test" finished-at="2025-01-19T16:28:04 CET" duration-ms="153147">
      <class name="com.crm.qa.testcases.HomePageTest">
        <test-method is-config="true" signature="setUp()[pri:0, instance:com.crm.qa.testcases.HomePageTest@1622f1b]" started-at="2025-01-19T16:26:28 CET" name="setUp" finished-at="2025-01-19T16:26:47 CET" duration-ms="18783" status="PASS">
          <reporter-output>
          </reporter-output>
        </test-method> <!-- setUp -->
        <test-method signature="verifyHomePageTitle()[pri:1, instance:com.crm.qa.testcases.HomePageTest@1622f1b]" started-at="2025-01-19T16:26:47 CET" name="verifyHomePageTitle" finished-at="2025-01-19T16:26:47 CET" duration-ms="20" status="PASS">
          <reporter-output>
          </reporter-output>
        </test-method> <!-- verifyHomePageTitle -->
        <test-method is-config="true" signature="teardown()[pri:0, instance:com.crm.qa.testcases.HomePageTest@1622f1b]" started-at="2025-01-19T16:26:47 CET" name="teardown" finished-at="2025-01-19T16:26:47 CET" duration-ms="261" status="PASS">
          <reporter-output>
          </reporter-output>
        </test-method> <!-- teardown -->
        <test-method is-config="true" signature="setUp()[pri:0, instance:com.crm.qa.testcases.HomePageTest@1622f1b]" started-at="2025-01-19T16:26:47 CET" name="setUp" finished-at="2025-01-19T16:27:06 CET" duration-ms="18770" status="PASS">
          <reporter-output>
          </reporter-output>
        </test-method> <!-- setUp -->
        <test-method signature="verifyUserNameIsdDisplayed()[pri:2, instance:com.crm.qa.testcases.HomePageTest@1622f1b]" started-at="2025-01-19T16:27:06 CET" name="verifyUserNameIsdDisplayed" finished-at="2025-01-19T16:27:06 CET" duration-ms="151" status="PASS">
          <reporter-output>
          </reporter-output>
        </test-method> <!-- verifyUserNameIsdDisplayed -->
        <test-method is-config="true" signature="teardown()[pri:0, instance:com.crm.qa.testcases.HomePageTest@1622f1b]" started-at="2025-01-19T16:27:06 CET" name="teardown" finished-at="2025-01-19T16:27:07 CET" duration-ms="280" status="PASS">
          <reporter-output>
          </reporter-output>
        </test-method> <!-- teardown -->
        <test-method is-config="true" signature="setUp()[pri:0, instance:com.crm.qa.testcases.HomePageTest@1622f1b]" started-at="2025-01-19T16:27:07 CET" name="setUp" finished-at="2025-01-19T16:27:26 CET" duration-ms="18942" status="PASS">
          <reporter-output>
          </reporter-output>
        </test-method> <!-- setUp -->
        <test-method signature="verifyContactsLink()[pri:3, instance:com.crm.qa.testcases.HomePageTest@1622f1b]" started-at="2025-01-19T16:27:26 CET" name="verifyContactsLink" finished-at="2025-01-19T16:27:28 CET" duration-ms="2299" status="PASS">
          <reporter-output>
          </reporter-output>
        </test-method> <!-- verifyContactsLink -->
        <test-method is-config="true" signature="teardown()[pri:0, instance:com.crm.qa.testcases.HomePageTest@1622f1b]" started-at="2025-01-19T16:27:28 CET" name="teardown" finished-at="2025-01-19T16:27:28 CET" duration-ms="307" status="PASS">
          <reporter-output>
          </reporter-output>
        </test-method> <!-- teardown -->
      </class> <!-- com.crm.qa.testcases.HomePageTest -->
      <class name="com.crm.qa.testcases.ContactsPageTest">
        <test-method is-config="true" signature="setUp()[pri:0, instance:com.crm.qa.testcases.ContactsPageTest@794cb805]" started-at="2025-01-19T16:25:32 CET" name="setUp" finished-at="2025-01-19T16:25:53 CET" duration-ms="20544" status="PASS">
          <reporter-output>
          </reporter-output>
        </test-method> <!-- setUp -->
        <test-method signature="ValidatecreateContact(java.lang.String,java.lang.String,java.lang.String,java.lang.String)[pri:3, instance:com.crm.qa.testcases.ContactsPageTest@794cb805]" started-at="2025-01-19T16:25:53 CET" name="ValidatecreateContact" data-provider="getCRMTestData" finished-at="2025-01-19T16:26:00 CET" duration-ms="7510" status="PASS">
          <params>
            <param index="0">
              <value>
                <![CDATA[Mr.]]>
              </value>
            </param>
            <param index="1">
              <value>
                <![CDATA[Tom]]>
              </value>
            </param>
            <param index="2">
              <value>
                <![CDATA[Peter]]>
              </value>
            </param>
            <param index="3">
              <value>
                <![CDATA[Google]]>
              </value>
            </param>
          </params>
          <reporter-output>
          </reporter-output>
        </test-method> <!-- ValidatecreateContact -->
        <test-method is-config="true" signature="teardown()[pri:0, instance:com.crm.qa.testcases.ContactsPageTest@794cb805]" started-at="2025-01-19T16:26:00 CET" name="teardown" finished-at="2025-01-19T16:26:00 CET" duration-ms="244" status="PASS">
          <reporter-output>
          </reporter-output>
        </test-method> <!-- teardown -->
        <test-method is-config="true" signature="setUp()[pri:0, instance:com.crm.qa.testcases.ContactsPageTest@794cb805]" started-at="2025-01-19T16:26:00 CET" name="setUp" finished-at="2025-01-19T16:26:19 CET" duration-ms="18887" status="PASS">
          <reporter-output>
          </reporter-output>
        </test-method> <!-- setUp -->
        <test-method signature="ValidatecreateContact(java.lang.String,java.lang.String,java.lang.String,java.lang.String)[pri:3, instance:com.crm.qa.testcases.ContactsPageTest@794cb805]" started-at="2025-01-19T16:26:19 CET" name="ValidatecreateContact" data-provider="getCRMTestData" finished-at="2025-01-19T16:26:28 CET" duration-ms="8837" status="PASS">
          <params>
            <param index="0">
              <value>
                <![CDATA[Mrs.]]>
              </value>
            </param>
            <param index="1">
              <value>
                <![CDATA[Prabheen]]>
              </value>
            </param>
            <param index="2">
              <value>
                <![CDATA[kaur]]>
              </value>
            </param>
            <param index="3">
              <value>
                <![CDATA[Facebook]]>
              </value>
            </param>
          </params>
          <reporter-output>
          </reporter-output>
        </test-method> <!-- ValidatecreateContact -->
        <test-method is-config="true" signature="teardown()[pri:0, instance:com.crm.qa.testcases.ContactsPageTest@794cb805]" started-at="2025-01-19T16:26:28 CET" name="teardown" finished-at="2025-01-19T16:26:28 CET" duration-ms="222" status="PASS">
          <reporter-output>
          </reporter-output>
        </test-method> <!-- teardown -->
      </class> <!-- com.crm.qa.testcases.ContactsPageTest -->
      <class name="com.crm.qa.testcases.LoginPageTest">
        <test-method is-config="true" signature="setup()[pri:0, instance:com.crm.qa.testcases.LoginPageTest@72a7c7e0]" started-at="2025-01-19T16:27:28 CET" name="setup" finished-at="2025-01-19T16:27:30 CET" duration-ms="1888" status="PASS">
          <reporter-output>
          </reporter-output>
        </test-method> <!-- setup -->
        <test-method signature="LoginPageTitleTest()[pri:1, instance:com.crm.qa.testcases.LoginPageTest@72a7c7e0]" started-at="2025-01-19T16:27:30 CET" name="LoginPageTitleTest" finished-at="2025-01-19T16:27:37 CET" duration-ms="6488" status="PASS">
          <reporter-output>
          </reporter-output>
        </test-method> <!-- LoginPageTitleTest -->
        <test-method is-config="true" signature="teardown()[pri:0, instance:com.crm.qa.testcases.LoginPageTest@72a7c7e0]" started-at="2025-01-19T16:27:37 CET" name="teardown" finished-at="2025-01-19T16:27:37 CET" duration-ms="91" status="PASS">
          <reporter-output>
          </reporter-output>
        </test-method> <!-- teardown -->
        <test-method is-config="true" signature="setup()[pri:0, instance:com.crm.qa.testcases.LoginPageTest@72a7c7e0]" started-at="2025-01-19T16:27:37 CET" name="setup" finished-at="2025-01-19T16:27:45 CET" duration-ms="8343" status="PASS">
          <reporter-output>
          </reporter-output>
        </test-method> <!-- setup -->
        <test-method signature="LoginPageLogotest()[pri:2, instance:com.crm.qa.testcases.LoginPageTest@72a7c7e0]" started-at="2025-01-19T16:27:45 CET" name="LoginPageLogotest" finished-at="2025-01-19T16:27:45 CET" duration-ms="71" status="PASS">
          <reporter-output>
          </reporter-output>
        </test-method> <!-- LoginPageLogotest -->
        <test-method is-config="true" signature="teardown()[pri:0, instance:com.crm.qa.testcases.LoginPageTest@72a7c7e0]" started-at="2025-01-19T16:27:45 CET" name="teardown" finished-at="2025-01-19T16:27:45 CET" duration-ms="110" status="PASS">
          <reporter-output>
          </reporter-output>
        </test-method> <!-- teardown -->
        <test-method is-config="true" signature="setup()[pri:0, instance:com.crm.qa.testcases.LoginPageTest@72a7c7e0]" started-at="2025-01-19T16:27:45 CET" name="setup" finished-at="2025-01-19T16:27:47 CET" duration-ms="1820" status="PASS">
          <reporter-output>
          </reporter-output>
        </test-method> <!-- setup -->
        <test-method signature="Login()[pri:3, instance:com.crm.qa.testcases.LoginPageTest@72a7c7e0]" started-at="2025-01-19T16:27:47 CET" name="Login" finished-at="2025-01-19T16:28:04 CET" duration-ms="16790" status="PASS">
          <reporter-output>
          </reporter-output>
        </test-method> <!-- Login -->
        <test-method is-config="true" signature="teardown()[pri:0, instance:com.crm.qa.testcases.LoginPageTest@72a7c7e0]" started-at="2025-01-19T16:28:04 CET" name="teardown" finished-at="2025-01-19T16:28:04 CET" duration-ms="141" status="PASS">
          <reporter-output>
          </reporter-output>
        </test-method> <!-- teardown -->
      </class> <!-- com.crm.qa.testcases.LoginPageTest -->
    </test> <!-- Surefire test -->
  </suite> <!-- Surefire suite -->
</testng-results>
