<?xml version="1.0" encoding="UTF-8"?>
<testng-results ignored="0" total="8" passed="8" failed="0" skipped="0">
  <reporter-output>
  </reporter-output>
  <suite started-at="2025-01-21T14:48:21 CET" name="CRM automation suite" finished-at="2025-01-21T14:51:01 CET" duration-ms="160385">
    <groups>
    </groups>
    <test started-at="2025-01-21T14:48:21 CET" name="CRM test Cases" finished-at="2025-01-21T14:51:01 CET" duration-ms="160385">
      <class name="com.crm.qa.testcases.HomePageTest">
        <test-method is-config="true" signature="setUp()[pri:0, instance:com.crm.qa.testcases.HomePageTest@30c15d8b]" started-at="2025-01-21T14:49:22 CET" name="setUp" finished-at="2025-01-21T14:49:41 CET" duration-ms="19381" status="PASS">
          <reporter-output>
          </reporter-output>
        </test-method> <!-- setUp -->
        <test-method signature="verifyHomePageTitle()[pri:1, instance:com.crm.qa.testcases.HomePageTest@30c15d8b]" started-at="2025-01-21T14:49:41 CET" name="verifyHomePageTitle" finished-at="2025-01-21T14:49:41 CET" duration-ms="51" status="PASS">
          <reporter-output>
          </reporter-output>
        </test-method> <!-- verifyHomePageTitle -->
        <test-method is-config="true" signature="teardown()[pri:0, instance:com.crm.qa.testcases.HomePageTest@30c15d8b]" started-at="2025-01-21T14:49:41 CET" name="teardown" finished-at="2025-01-21T14:49:42 CET" duration-ms="310" status="PASS">
          <reporter-output>
          </reporter-output>
        </test-method> <!-- teardown -->
        <test-method is-config="true" signature="setUp()[pri:0, instance:com.crm.qa.testcases.HomePageTest@30c15d8b]" started-at="2025-01-21T14:49:42 CET" name="setUp" finished-at="2025-01-21T14:50:01 CET" duration-ms="19639" status="PASS">
          <reporter-output>
          </reporter-output>
        </test-method> <!-- setUp -->
        <test-method signature="verifyUserNameIsdDisplayed()[pri:2, instance:com.crm.qa.testcases.HomePageTest@30c15d8b]" started-at="2025-01-21T14:50:01 CET" name="verifyUserNameIsdDisplayed" finished-at="2025-01-21T14:50:02 CET" duration-ms="227" status="PASS">
          <reporter-output>
          </reporter-output>
        </test-method> <!-- verifyUserNameIsdDisplayed -->
        <test-method is-config="true" signature="teardown()[pri:0, instance:com.crm.qa.testcases.HomePageTest@30c15d8b]" started-at="2025-01-21T14:50:02 CET" name="teardown" finished-at="2025-01-21T14:50:02 CET" duration-ms="291" status="PASS">
          <reporter-output>
          </reporter-output>
        </test-method> <!-- teardown -->
        <test-method is-config="true" signature="setUp()[pri:0, instance:com.crm.qa.testcases.HomePageTest@30c15d8b]" started-at="2025-01-21T14:50:02 CET" name="setUp" finished-at="2025-01-21T14:50:21 CET" duration-ms="19440" status="PASS">
          <reporter-output>
          </reporter-output>
        </test-method> <!-- setUp -->
        <test-method signature="verifyContactsLink()[pri:3, instance:com.crm.qa.testcases.HomePageTest@30c15d8b]" started-at="2025-01-21T14:50:21 CET" name="verifyContactsLink" finished-at="2025-01-21T14:50:23 CET" duration-ms="1998" status="PASS">
          <reporter-output>
          </reporter-output>
        </test-method> <!-- verifyContactsLink -->
        <test-method is-config="true" signature="teardown()[pri:0, instance:com.crm.qa.testcases.HomePageTest@30c15d8b]" started-at="2025-01-21T14:50:23 CET" name="teardown" finished-at="2025-01-21T14:50:24 CET" duration-ms="379" status="PASS">
          <reporter-output>
          </reporter-output>
        </test-method> <!-- teardown -->
      </class> <!-- com.crm.qa.testcases.HomePageTest -->
      <class name="com.crm.qa.testcases.ContactsPageTest">
        <test-method is-config="true" signature="setUp()[pri:0, instance:com.crm.qa.testcases.ContactsPageTest@4562e04d]" started-at="2025-01-21T14:48:24 CET" name="setUp" finished-at="2025-01-21T14:48:46 CET" duration-ms="22018" status="PASS">
          <reporter-output>
          </reporter-output>
        </test-method> <!-- setUp -->
        <test-method signature="ValidatecreateContact(java.lang.String,java.lang.String,java.lang.String,java.lang.String)[pri:3, instance:com.crm.qa.testcases.ContactsPageTest@4562e04d]" started-at="2025-01-21T14:48:46 CET" name="ValidatecreateContact" data-provider="getCRMTestData" finished-at="2025-01-21T14:48:54 CET" duration-ms="7845" status="PASS">
          <params>
            <param index="0">
              <value>
                <![CDATA[Mr.]]>
              </value>
            </param>
            <param index="1">
              <value>
                <![CDATA[Tom]]>
              </value>
            </param>
            <param index="2">
              <value>
                <![CDATA[Peter]]>
              </value>
            </param>
            <param index="3">
              <value>
                <![CDATA[Google]]>
              </value>
            </param>
          </params>
          <reporter-output>
          </reporter-output>
        </test-method> <!-- ValidatecreateContact -->
        <test-method is-config="true" signature="teardown()[pri:0, instance:com.crm.qa.testcases.ContactsPageTest@4562e04d]" started-at="2025-01-21T14:48:54 CET" name="teardown" finished-at="2025-01-21T14:48:54 CET" duration-ms="375" status="PASS">
          <reporter-output>
          </reporter-output>
        </test-method> <!-- teardown -->
        <test-method is-config="true" signature="setUp()[pri:0, instance:com.crm.qa.testcases.ContactsPageTest@4562e04d]" started-at="2025-01-21T14:48:54 CET" name="setUp" finished-at="2025-01-21T14:49:14 CET" duration-ms="19921" status="PASS">
          <reporter-output>
          </reporter-output>
        </test-method> <!-- setUp -->
        <test-method signature="ValidatecreateContact(java.lang.String,java.lang.String,java.lang.String,java.lang.String)[pri:3, instance:com.crm.qa.testcases.ContactsPageTest@4562e04d]" started-at="2025-01-21T14:49:14 CET" name="ValidatecreateContact" data-provider="getCRMTestData" finished-at="2025-01-21T14:49:22 CET" duration-ms="7484" status="PASS">
          <params>
            <param index="0">
              <value>
                <![CDATA[Mrs.]]>
              </value>
            </param>
            <param index="1">
              <value>
                <![CDATA[Prabheen]]>
              </value>
            </param>
            <param index="2">
              <value>
                <![CDATA[kaur]]>
              </value>
            </param>
            <param index="3">
              <value>
                <![CDATA[Facebook]]>
              </value>
            </param>
          </params>
          <reporter-output>
          </reporter-output>
        </test-method> <!-- ValidatecreateContact -->
        <test-method is-config="true" signature="teardown()[pri:0, instance:com.crm.qa.testcases.ContactsPageTest@4562e04d]" started-at="2025-01-21T14:49:22 CET" name="teardown" finished-at="2025-01-21T14:49:22 CET" duration-ms="340" status="PASS">
          <reporter-output>
          </reporter-output>
        </test-method> <!-- teardown -->
      </class> <!-- com.crm.qa.testcases.ContactsPageTest -->
      <class name="com.crm.qa.testcases.LoginPageTest">
        <test-method is-config="true" signature="setup()[pri:0, instance:com.crm.qa.testcases.LoginPageTest@5e0e82ae]" started-at="2025-01-21T14:50:24 CET" name="setup" finished-at="2025-01-21T14:50:32 CET" duration-ms="8709" status="PASS">
          <reporter-output>
          </reporter-output>
        </test-method> <!-- setup -->
        <test-method signature="LoginPageTitleTest()[pri:1, instance:com.crm.qa.testcases.LoginPageTest@5e0e82ae]" started-at="2025-01-21T14:50:32 CET" name="LoginPageTitleTest" finished-at="2025-01-21T14:50:32 CET" duration-ms="31" status="PASS">
          <reporter-output>
          </reporter-output>
        </test-method> <!-- LoginPageTitleTest -->
        <test-method is-config="true" signature="teardown()[pri:0, instance:com.crm.qa.testcases.LoginPageTest@5e0e82ae]" started-at="2025-01-21T14:50:32 CET" name="teardown" finished-at="2025-01-21T14:50:33 CET" duration-ms="177" status="PASS">
          <reporter-output>
          </reporter-output>
        </test-method> <!-- teardown -->
        <test-method is-config="true" signature="setup()[pri:0, instance:com.crm.qa.testcases.LoginPageTest@5e0e82ae]" started-at="2025-01-21T14:50:33 CET" name="setup" finished-at="2025-01-21T14:50:35 CET" duration-ms="2277" status="PASS">
          <reporter-output>
          </reporter-output>
        </test-method> <!-- setup -->
        <test-method signature="LoginPageLogotest()[pri:2, instance:com.crm.qa.testcases.LoginPageTest@5e0e82ae]" started-at="2025-01-21T14:50:35 CET" name="LoginPageLogotest" finished-at="2025-01-21T14:50:41 CET" duration-ms="6589" status="PASS">
          <reporter-output>
          </reporter-output>
        </test-method> <!-- LoginPageLogotest -->
        <test-method is-config="true" signature="teardown()[pri:0, instance:com.crm.qa.testcases.LoginPageTest@5e0e82ae]" started-at="2025-01-21T14:50:41 CET" name="teardown" finished-at="2025-01-21T14:50:42 CET" duration-ms="201" status="PASS">
          <reporter-output>
          </reporter-output>
        </test-method> <!-- teardown -->
        <test-method is-config="true" signature="setup()[pri:0, instance:com.crm.qa.testcases.LoginPageTest@5e0e82ae]" started-at="2025-01-21T14:50:42 CET" name="setup" finished-at="2025-01-21T14:50:44 CET" duration-ms="2273" status="PASS">
          <reporter-output>
          </reporter-output>
        </test-method> <!-- setup -->
        <test-method signature="Login()[pri:3, instance:com.crm.qa.testcases.LoginPageTest@5e0e82ae]" started-at="2025-01-21T14:50:44 CET" name="Login" finished-at="2025-01-21T14:51:01 CET" duration-ms="17221" status="PASS">
          <reporter-output>
          </reporter-output>
        </test-method> <!-- Login -->
        <test-method is-config="true" signature="teardown()[pri:0, instance:com.crm.qa.testcases.LoginPageTest@5e0e82ae]" started-at="2025-01-21T14:51:01 CET" name="teardown" finished-at="2025-01-21T14:51:01 CET" duration-ms="242" status="PASS">
          <reporter-output>
          </reporter-output>
        </test-method> <!-- teardown -->
      </class> <!-- com.crm.qa.testcases.LoginPageTest -->
    </test> <!-- CRM test Cases -->
  </suite> <!-- CRM automation suite -->
</testng-results>
