<?xml version="1.0" encoding="UTF-8"?>
<testng-results ignored="0" total="3" passed="3" failed="0" skipped="0">
  <reporter-output>
  </reporter-output>
  <suite started-at="2025-01-19T16:02:56 CET" name="Default suite" finished-at="2025-01-19T16:03:58 CET" duration-ms="61562">
    <groups>
    </groups>
    <test started-at="2025-01-19T16:02:56 CET" name="Default test" finished-at="2025-01-19T16:03:58 CET" duration-ms="61562">
      <class name="com.crm.qa.testcases.HomePageTest">
        <test-method is-config="true" signature="setUp()[pri:0, instance:com.crm.qa.testcases.HomePageTest@6aeb35e6]" started-at="2025-01-19T16:02:56 CET" name="setUp" finished-at="2025-01-19T16:03:17 CET" duration-ms="20548" status="PASS">
          <reporter-output>
          </reporter-output>
        </test-method> <!-- setUp -->
        <test-method signature="verifyHomePageTitle()[pri:1, instance:com.crm.qa.testcases.HomePageTest@6aeb35e6]" started-at="2025-01-19T16:03:17 CET" name="verifyHomePageTitle" finished-at="2025-01-19T16:03:17 CET" duration-ms="49" status="PASS">
          <reporter-output>
          </reporter-output>
        </test-method> <!-- verifyHomePageTitle -->
        <test-method is-config="true" signature="teardown()[pri:0, instance:com.crm.qa.testcases.HomePageTest@6aeb35e6]" started-at="2025-01-19T16:03:17 CET" name="teardown" finished-at="2025-01-19T16:03:17 CET" duration-ms="255" status="PASS">
          <reporter-output>
          </reporter-output>
        </test-method> <!-- teardown -->
        <test-method is-config="true" signature="setUp()[pri:0, instance:com.crm.qa.testcases.HomePageTest@6aeb35e6]" started-at="2025-01-19T16:03:17 CET" name="setUp" finished-at="2025-01-19T16:03:36 CET" duration-ms="18858" status="PASS">
          <reporter-output>
          </reporter-output>
        </test-method> <!-- setUp -->
        <test-method signature="verifyUserNameIsdDisplayed()[pri:2, instance:com.crm.qa.testcases.HomePageTest@6aeb35e6]" started-at="2025-01-19T16:03:36 CET" name="verifyUserNameIsdDisplayed" finished-at="2025-01-19T16:03:36 CET" duration-ms="212" status="PASS">
          <reporter-output>
          </reporter-output>
        </test-method> <!-- verifyUserNameIsdDisplayed -->
        <test-method is-config="true" signature="teardown()[pri:0, instance:com.crm.qa.testcases.HomePageTest@6aeb35e6]" started-at="2025-01-19T16:03:36 CET" name="teardown" finished-at="2025-01-19T16:03:36 CET" duration-ms="263" status="PASS">
          <reporter-output>
          </reporter-output>
        </test-method> <!-- teardown -->
        <test-method is-config="true" signature="setUp()[pri:0, instance:com.crm.qa.testcases.HomePageTest@6aeb35e6]" started-at="2025-01-19T16:03:36 CET" name="setUp" finished-at="2025-01-19T16:03:55 CET" duration-ms="18599" status="PASS">
          <reporter-output>
          </reporter-output>
        </test-method> <!-- setUp -->
        <test-method signature="verifyContactsLink()[pri:3, instance:com.crm.qa.testcases.HomePageTest@6aeb35e6]" started-at="2025-01-19T16:03:55 CET" name="verifyContactsLink" finished-at="2025-01-19T16:03:57 CET" duration-ms="2457" status="PASS">
          <reporter-output>
          </reporter-output>
        </test-method> <!-- verifyContactsLink -->
        <test-method is-config="true" signature="teardown()[pri:0, instance:com.crm.qa.testcases.HomePageTest@6aeb35e6]" started-at="2025-01-19T16:03:57 CET" name="teardown" finished-at="2025-01-19T16:03:58 CET" duration-ms="273" status="PASS">
          <reporter-output>
          </reporter-output>
        </test-method> <!-- teardown -->
      </class> <!-- com.crm.qa.testcases.HomePageTest -->
    </test> <!-- Default test -->
  </suite> <!-- Default suite -->
</testng-results>
