<?xml version="1.0" encoding="UTF-8"?>
<!-- Generated by org.testng.reporters.JUnitXMLReporter -->
<testsuite ignored="0" hostname="LAPTOP-6628VBM4" failures="0" tests="8" name="CRM test Cases" time="160.385" errors="0" timestamp="2025-01-21T14:51:01 CET">
  <testcase classname="com.crm.qa.testcases.ContactsPageTest" name="ValidatecreateContact" time="7.845"/>
  <testcase classname="com.crm.qa.testcases.ContactsPageTest" name="ValidatecreateContact" time="7.484"/>
  <testcase classname="com.crm.qa.testcases.HomePageTest" name="verifyHomePageTitle" time="0.051"/>
  <testcase classname="com.crm.qa.testcases.HomePageTest" name="verifyUserNameIsdDisplayed" time="0.227"/>
  <testcase classname="com.crm.qa.testcases.HomePageTest" name="verifyContactsLink" time="1.998"/>
  <testcase classname="com.crm.qa.testcases.LoginPageTest" name="LoginPageTitleTest" time="0.031"/>
  <testcase classname="com.crm.qa.testcases.LoginPageTest" name="LoginPageLogotest" time="6.589"/>
  <testcase classname="com.crm.qa.testcases.LoginPageTest" name="Login" time="17.221"/>
</testsuite> <!-- CRM test Cases -->
